voice/20190222143728_82.wav-åˆ‡æ¢ä¸ºæ¡Œé¢æ¨¡å¼-11
voice/20190222165053_65.wav-ÇĞ»»-72
voice/20190222165828_24.wav-ÇĞ»»-72
voice/20190222165847_62.wav-ÇĞ»»-72
voice/20190222173845_53.wav-for-781
voice/20190222174006_49.wav-so-0
voice/20190222174029_52.wav-toy-0
voice/20190222174104_72.wav-so-0
voice/20190225113555_30.wav-kitchen-0
voice/20190225113622_95.wav-Ğı×ª-73
voice/20190225132641_84.wav-flag-0
voice/20190225132650_28.wav-like-0
Building prefix dict from the default dictionary ...
Loading model from cache C:\Users\XUJING~1\AppData\Local\Temp\jieba.cache
Loading model cost 0.946 seconds.
Prefix dict has been built succesfully.
voice/20190225132659_87.wav-Ğı×ª-73
voice/20190225133006_30.wav-Ô­À´-0
voice/20190226140000_83.wav-oh-0
voice/20190226140106_90.wav-Ğı×ª-73
voice/20190226140125_85.wav-ÇĞ»»ÅäÌå½á¹¹ÎªÇò-32
voice/20190226140142_16.wav-Ï±¸¾Îª×ÀÃæÄ£Ê½-11
